<?xml version="1.0" encoding="UTF-8"?>
<coverage generated="1678543667140" clover="3.2.0">
  <project timestamp="1678543667140" name="All files">
    <metrics statements="17" coveredstatements="15" conditionals="2" coveredconditionals="2" methods="9" coveredmethods="8" elements="28" coveredelements="25" complexity="0" loc="17" ncloc="17" packages="2" files="3" classes="3"/>
    <package name="ReactNativeMSW">
      <metrics statements="13" coveredstatements="11" conditionals="2" coveredconditionals="2" methods="8" coveredmethods="7"/>
      <file name="App.tsx" path="/Users/thomasgransden/PersonalProjects/ReactNativeMSW/App.tsx">
        <metrics statements="13" coveredstatements="11" conditionals="2" coveredconditionals="2" methods="8" coveredmethods="7"/>
        <line num="14" count="1" type="stmt"/>
        <line num="15" count="4" type="stmt"/>
        <line num="20" count="4" type="stmt"/>
        <line num="21" count="4" type="stmt"/>
        <line num="23" count="0" type="stmt"/>
        <line num="24" count="0" type="stmt"/>
        <line num="29" count="7" type="stmt"/>
        <line num="30" count="7" type="stmt"/>
        <line num="32" count="7" type="stmt"/>
        <line num="33" count="4" type="stmt"/>
        <line num="35" count="7" type="stmt"/>
        <line num="39" count="1" type="stmt"/>
        <line num="46" count="1" type="stmt"/>
      </file>
    </package>
    <package name="ReactNativeMSW.mocks">
      <metrics statements="4" coveredstatements="4" conditionals="0" coveredconditionals="0" methods="1" coveredmethods="1"/>
      <file name="handlers.js" path="/Users/thomasgransden/PersonalProjects/ReactNativeMSW/mocks/handlers.js">
        <metrics statements="3" coveredstatements="3" conditionals="0" coveredconditionals="0" methods="1" coveredmethods="1"/>
        <line num="4" count="1" type="stmt"/>
        <line num="7" count="3" type="stmt"/>
        <line num="8" count="3" type="stmt"/>
      </file>
      <file name="server.js" path="/Users/thomasgransden/PersonalProjects/ReactNativeMSW/mocks/server.js">
        <metrics statements="1" coveredstatements="1" conditionals="0" coveredconditionals="0" methods="0" coveredmethods="0"/>
        <line num="6" count="1" type="stmt"/>
      </file>
    </package>
  </project>
</coverage>
