{"/Users/thomasgransden/PersonalProjects/ReactNativeMSW/App.tsx": {"path":"/Users/thomasgransden/PersonalProjects/ReactNativeMSW/App.tsx","statementMap":{"0":{"start":{"line":14,"column":36},"end":{"line":26,"column":1}},"1":{"start":{"line":15,"column":2},"end":{"line":25,"column":7}},"2":{"start":{"line":20,"column":17},"end":{"line":20,"column":27}},"3":{"start":{"line":21,"column":18},"end":{"line":21,"column":48}},"4":{"start":{"line":23,"column":6},"end":{"line":23,"column":23}},"5":{"start":{"line":24,"column":6},"end":{"line":24,"column":51}},"6":{"start":{"line":29,"column":26},"end":{"line":29,"column":56}},"7":{"start":{"line":30,"column":27},"end":{"line":30,"column":38}},"8":{"start":{"line":32,"column":2},"end":{"line":34,"column":12}},"9":{"start":{"line":33,"column":4},"end":{"line":33,"column":72}},"10":{"start":{"line":33,"column":50},"end":{"line":33,"column":70}},"11":{"start":{"line":35,"column":2},"end":{"line":43,"column":4}},"12":{"start":{"line":39,"column":32},"end":{"line":39,"column":76}},"13":{"start":{"line":46,"column":15},"end":{"line":50,"column":2}}},"fnMap":{"0":{"name":"(anonymous_0)","decl":{"start":{"line":14,"column":36},"end":{"line":14,"column":37}},"loc":{"start":{"line":14,"column":53},"end":{"line":26,"column":1}},"line":14},"1":{"name":"(anonymous_1)","decl":{"start":{"line":20,"column":10},"end":{"line":20,"column":11}},"loc":{"start":{"line":20,"column":17},"end":{"line":20,"column":27}},"line":20},"2":{"name":"(anonymous_2)","decl":{"start":{"line":21,"column":10},"end":{"line":21,"column":11}},"loc":{"start":{"line":21,"column":18},"end":{"line":21,"column":48}},"line":21},"3":{"name":"(anonymous_3)","decl":{"start":{"line":22,"column":11},"end":{"line":22,"column":12}},"loc":{"start":{"line":22,"column":18},"end":{"line":25,"column":5}},"line":22},"4":{"name":"App","decl":{"start":{"line":28,"column":9},"end":{"line":28,"column":12}},"loc":{"start":{"line":28,"column":28},"end":{"line":44,"column":1}},"line":28},"5":{"name":"(anonymous_5)","decl":{"start":{"line":32,"column":12},"end":{"line":32,"column":13}},"loc":{"start":{"line":32,"column":18},"end":{"line":34,"column":3}},"line":32},"6":{"name":"(anonymous_6)","decl":{"start":{"line":33,"column":35},"end":{"line":33,"column":36}},"loc":{"start":{"line":33,"column":50},"end":{"line":33,"column":70}},"line":33},"7":{"name":"(anonymous_7)","decl":{"start":{"line":39,"column":26},"end":{"line":39,"column":27}},"loc":{"start":{"line":39,"column":32},"end":{"line":39,"column":76}},"line":39}},"branchMap":{"0":{"loc":{"start":{"line":37,"column":7},"end":{"line":37,"column":72}},"type":"cond-expr","locations":[{"start":{"line":37,"column":14},"end":{"line":37,"column":42}},{"start":{"line":37,"column":45},"end":{"line":37,"column":72}}],"line":37}},"s":{"0":1,"1":4,"2":4,"3":4,"4":0,"5":0,"6":7,"7":7,"8":7,"9":4,"10":4,"11":7,"12":1,"13":1},"f":{"0":4,"1":4,"2":4,"3":0,"4":7,"5":4,"6":4,"7":1},"b":{"0":[3,4]},"_coverageSchema":"1a1c01bbd47fc00a2c39e90264f33305004495a9","hash":"26b5fccc1d811a4832b97682ed1038713ef210fd"}
,"/Users/thomasgransden/PersonalProjects/ReactNativeMSW/mocks/handlers.js": {"path":"/Users/thomasgransden/PersonalProjects/ReactNativeMSW/mocks/handlers.js","statementMap":{"0":{"start":{"line":4,"column":24},"end":{"line":16,"column":1}},"1":{"start":{"line":7,"column":19},"end":{"line":7,"column":53}},"2":{"start":{"line":8,"column":4},"end":{"line":14,"column":6}}},"fnMap":{"0":{"name":"(anonymous_0)","decl":{"start":{"line":6,"column":50},"end":{"line":6,"column":51}},"loc":{"start":{"line":6,"column":69},"end":{"line":15,"column":3}},"line":6}},"branchMap":{},"s":{"0":1,"1":3,"2":3},"f":{"0":3},"b":{},"_coverageSchema":"1a1c01bbd47fc00a2c39e90264f33305004495a9","hash":"a9b20cbdd6b0539cffad1d66042780f5ea768157"}
,"/Users/thomasgransden/PersonalProjects/ReactNativeMSW/mocks/server.js": {"path":"/Users/thomasgransden/PersonalProjects/ReactNativeMSW/mocks/server.js","statementMap":{"0":{"start":{"line":6,"column":15},"end":{"line":6,"column":39}}},"fnMap":{},"branchMap":{},"s":{"0":1},"f":{},"b":{},"_coverageSchema":"1a1c01bbd47fc00a2c39e90264f33305004495a9","hash":"16923378fd9dc08e0b603cc4c4c89b7d083a04a5"}
}
