TN:
SF:App.tsx
FN:14,(anonymous_0)
FN:20,(anonymous_1)
FN:21,(anonymous_2)
FN:22,(anonymous_3)
FN:28,App
FN:32,(anonymous_5)
FN:33,(anonymous_6)
FN:39,(anonymous_7)
FNF:8
FNH:7
FNDA:4,(anonymous_0)
FNDA:4,(anonymous_1)
FNDA:4,(anonymous_2)
FNDA:0,(anonymous_3)
FNDA:7,App
FNDA:4,(anonymous_5)
FNDA:4,(anonymous_6)
FNDA:1,(anonymous_7)
DA:14,1
DA:15,4
DA:20,4
DA:21,4
DA:23,0
DA:24,0
DA:29,7
DA:30,7
DA:32,7
DA:33,4
DA:35,7
DA:39,1
DA:46,1
LF:13
LH:11
BRDA:37,0,0,3
BRDA:37,0,1,4
BRF:2
BRH:2
end_of_record
TN:
SF:mocks/handlers.js
FN:6,(anonymous_0)
FNF:1
FNH:1
FNDA:3,(anonymous_0)
DA:4,1
DA:7,3
DA:8,3
LF:3
LH:3
BRF:0
BRH:0
end_of_record
TN:
SF:mocks/server.js
FNF:0
FNH:0
DA:6,1
LF:1
LH:1
BRF:0
BRH:0
end_of_record
